<?xml version="1.0" encoding="UTF-8" ?>
<testsuites errors="1"
            failures="1"
            tests="1">

  <testsuite name="ESPN"
    errors="1" failures="1" hostname="" id="" package="ESPN" skipped="0"
    tests="1" time="22.53" timestamp="">
  
    <testcase name="ESPN" classname="ESPN" time="22.53" assertions="2">

      <failure message="Testing if element [0;33m&lt;.menu-nba&gt;[0m is visible in 5000ms - expected [0;32m&#34;is visible&#34;[0m but got: [0;31m&#34;element could not be located&#34;[0m [0;90m(5008ms)[0m">    at Object.ESPN (C:\Users\hipho_000\testing\tests\ESPN.js:10:20)
    at processTicksAndRejections (internal/process/task_queues.js:93:5)</failure>

    <failure message="    at Object.ESPN (C:\Users\hipho_000\testing\tests\ESPN.js:10:20)">    at processTicksAndRejections (internal/process/task_queues.js:93:5)</failure>
    </testcase>
  

  
    <system-err>
      [0;31m  Error: kill ENOSYS[0m
[0;90m       at process.kill (internal/process/per_thread.js:189:13)[0m
[0;31m  TypeError: browser.url(...).setValue(...).setValue(...).click(...).useXpath(...).click(...).click(...).click(...).click(...).click(...).click(...).click(...).useCss(...).click(...).click(...).setValue(...).setValue(...).click(...).click(...).setvalue is not a function
   - writing an ES6 async test case? - keep in mind that commands return a Promise; 
   - writing unit tests? - make sure to specify &#34;unit_tests_mode=true&#34; in your config.[0m
[0;90m       at Object.CTA Arsalan (C:\Users\hipho_000\testing\tests\CTA_Arsalan.js:24:14)
       at processTicksAndRejections (internal/process/task_queues.js:93:5)[0m
[0;31m  NoSuchElementError: An error occurred while running .setValue() command on &lt;otds_username&gt;: undefined; undefined
   {&#34;state&#34;:&#34;success&#34;,&#34;sessionId&#34;:&#34;237817421c75a9db7a7345483713432ac1e12998&#34;,&#34;value&#34;:[],&#34;status&#34;:0}[0m
[0;90m       at processTicksAndRejections (internal/process/task_queues.js:93:5)[0m
[0;31m  NoSuchElementError: An error occurred while running .setValue() command on &lt;otds_password&gt;: undefined; undefined
   {&#34;state&#34;:&#34;success&#34;,&#34;sessionId&#34;:&#34;237817421c75a9db7a7345483713432ac1e12998&#34;,&#34;value&#34;:[],&#34;status&#34;:0}[0m
[0;90m       at processTicksAndRejections (internal/process/task_queues.js:93:5)[0m
[0;31m  NoSuchElementError: An error occurred while running .click() command on &lt;#loginbutton&gt;: undefined; undefined
   {&#34;state&#34;:&#34;success&#34;,&#34;sessionId&#34;:&#34;237817421c75a9db7a7345483713432ac1e12998&#34;,&#34;value&#34;:[],&#34;status&#34;:0}[0m
[0;90m       at processTicksAndRejections (internal/process/task_queues.js:93:5)[0m
[0;31m  NoSuchElementError: An error occurred while running .click() command on &lt;//a[contains(text(),&#39;Division of Allergy, Immunology and Transplantation&#39;)]&gt;: undefined; undefined
   {&#34;state&#34;:&#34;success&#34;,&#34;sessionId&#34;:&#34;237817421c75a9db7a7345483713432ac1e12998&#34;,&#34;value&#34;:[],&#34;status&#34;:0}[0m
[0;90m       at processTicksAndRejections (internal/process/task_queues.js:93:5)[0m
[0;31m  NoSuchElementError: An error occurred while running .click() command on &lt;//a[contains(text(),&#39;Office of Regulatory Affairs - Clinical Trial Agreements&#39;)]&gt;: undefined; undefined
   {&#34;state&#34;:&#34;success&#34;,&#34;sessionId&#34;:&#34;237817421c75a9db7a7345483713432ac1e12998&#34;,&#34;value&#34;:[],&#34;status&#34;:0}[0m
[0;90m       at processTicksAndRejections (internal/process/task_queues.js:93:5)[0m
[0;31m  NoSuchElementError: An error occurred while running .click() command on &lt;//a[contains(text(),&#39;Administration&#39;)]&gt;: undefined; undefined
   {&#34;state&#34;:&#34;success&#34;,&#34;sessionId&#34;:&#34;237817421c75a9db7a7345483713432ac1e12998&#34;,&#34;value&#34;:[],&#34;status&#34;:0}[0m
[0;90m       at processTicksAndRejections (internal/process/task_queues.js:93:5)[0m
[0;31m  NoSuchElementError: An error occurred while running .click() command on &lt;//a[contains(text(),&#39;DAIT CTA Dashboard&#39;)]&gt;: undefined; undefined
   {&#34;state&#34;:&#34;success&#34;,&#34;sessionId&#34;:&#34;237817421c75a9db7a7345483713432ac1e12998&#34;,&#34;value&#34;:[],&#34;status&#34;:0}[0m
[0;90m       at processTicksAndRejections (internal/process/task_queues.js:93:5)[0m
[0;31m  NoSuchElementError: An error occurred while running .click() command on &lt;//a[contains(text(),&#39;New Agreement&#39;)]&gt;: undefined; undefined
   {&#34;state&#34;:&#34;success&#34;,&#34;sessionId&#34;:&#34;237817421c75a9db7a7345483713432ac1e12998&#34;,&#34;value&#34;:[],&#34;status&#34;:0}[0m
[0;90m       at processTicksAndRejections (internal/process/task_queues.js:93:5)[0m
[0;31m  NoSuchElementError: An error occurred while running .click() command on &lt;#_1_1_26_1 option[value=&#34;Clinical Trial Agreement&#34;]&gt;: SyntaxError: Failed to execute &#39;evaluate&#39; on &#39;Document&#39;: The string &#39;#_1_1_26_1 option[value=&#34;Clinical Trial Agreement&#34;]&#39; is not a valid XPath expression.,  (Session info: chrome=79.0.3945.79),  (Driver info: chromedriver=79.0.3945.16 (93fcc21110c10dbbd49bbff8f472335360e31d05-refs/branch-heads/3945@{#262}),platform=Windows NT 6.1.7601 SP1 x86_64) (WARNING: The server did not provide any stacktrace information),Command duration or timeout: 17 milliseconds,For documentation on this error, please visit: http://seleniumhq.org/exceptions/invalid_selector_exception.html,Build info: version: &#39;2.53.0&#39;, revision: &#39;35ae25b&#39;, time: &#39;2016-03-15 17:00:58&#39;,System info: host: &#39;199-7-165-91&#39;, ip: &#39;199.7.165.91&#39;, os.name: &#39;windows&#39;, os.arch: &#39;x86&#39;, os.version: &#39;6.1&#39;, java.version: &#39;1.8.0_151&#39;,Driver info: org.openqa.selenium.chrome.ChromeDriver,Capabilities [{mobileEmulationEnabled=false, timeouts={implicit=0, pageLoad=300000, script=30000}, hasTouchScreen=false, platform=XP, acceptSslCerts=false, goog:chromeOptions={debuggerAddress=localhost:1518}, acceptInsecureCerts=false, webStorageEnabled=true, browserName=chrome, takesScreenshot=true, javascriptEnabled=true, setWindowRect=true, unexpectedAlertBehaviour=ignore, applicationCacheEnabled=false, rotatable=false, networkConnectionEnabled=false, chrome={chromedriverVersion=79.0.3945.16 (93fcc21110c10dbbd49bbff8f472335360e31d05-refs/branch-heads/3945@{#262}), userDataDir=C:\Windows\proxy\scoped_dir2140_1001495162}, takesHeapSnapshot=true, pageLoadStrategy=normal, strictFileInteractability=false, databaseEnabled=false, handlesAlerts=true, version=79.0.3945.79, browserConnectionEnabled=false, proxy={}, nativeEvents=true, locationContextEnabled=true, cssSelectorsEnabled=true}],Session ID: 9abe7c7a4fe82fa4f1e709747b4983b0,*** Element info: {Using=xpath, value=#_1_1_26_1 option[value=&#34;Clinical Trial Agreement&#34;]}; invalid selector: Unable to locate an element with the xpath expression #_1_1_26_1 option[value=&#34;Clinical Trial Agreement&#34;] because of the following error:
   {&#34;status&#34;:-1,&#34;state&#34;:&#34;invalid selector&#34;,&#34;value&#34;:{&#34;systemInformation&#34;:&#34;System info: host: &#39;199-7-165-91&#39;, ip: &#39;199.7.165.91&#39;, os.name: &#39;windows&#39;, os.arch: &#39;x86&#39;, os.version: &#39;6.1&#39;, java.version: &#39;1.8.0_151&#39;&#34;,&#34;message&#34;:&#34;invalid selector: Unable to locate an element with the xpath expression #_1_1_26_1 option[value=\&#34;Clinical Trial Agreement\&#34;] because of the following error:&#34;,&#34;error&#34;:[&#34;SyntaxError: Failed to execute &#39;evaluate&#39; on &#39;Document&#39;: The string &#39;#_1_1_26_1 option[value=\&#34;Clinical Trial Agreement\&#34;]&#39; is not a valid XPath expression.&#34;,&#34;  (Session info: chrome=79.0.3945.79)&#34;,&#34;  (Driver info: chromedriver=79.0.3945.16 (93fcc21110c10dbbd49bbff8f472335360e31d05-refs/branch-heads/3945@{#262}),platform=Windows NT 6.1.7601 SP1 x86_64) (WARNING: The server did not provide any stacktrace information)&#34;,&#34;Command duration or timeout: 17 milliseconds&#34;,&#34;For documentation on this error, please visit: http://seleniumhq.org/exceptions/invalid_selector_exception.html&#34;,&#34;Build info: version: &#39;2.53.0&#39;, revision: &#39;35ae25b&#39;, time: &#39;2016-03-15 17:00:58&#39;&#34;,&#34;System info: host: &#39;199-7-165-91&#39;, ip: &#39;199.7.165.91&#39;, os.name: &#39;windows&#39;, os.arch: &#39;x86&#39;, os.version: &#39;6.1&#39;, java.version: &#39;1.8.0_151&#39;&#34;,&#34;Driver info: org.openqa.selenium.chrome.ChromeDriver&#34;,&#34;Capabilities [{mobileEmulationEnabled=false, timeouts={implicit=0, pageLoad=300000, script=30000}, hasTouchScreen=false, platform=XP, acceptSslCerts=false, goog:chromeOptions={debuggerAddress=localhost:1518}, acceptInsecureCerts=false, webStorageEnabled=true, browserName=chrome, takesScreenshot=true, javascriptEnabled=true, setWindowRect=true, unexpectedAlertBehaviour=ignore, applicationCacheEnabled=false, rotatable=false, networkConnectionEnabled=false, chrome={chromedriverVersion=79.0.3945.16 (93fcc21110c10dbbd49bbff8f472335360e31d05-refs/branch-heads/3945@{#262}), userDataDir=C:\\Windows\\proxy\\scoped_dir2140_1001495162}, takesHeapSnapshot=true, pageLoadStrategy=normal, strictFileInteractability=false, databaseEnabled=false, handlesAlerts=true, version=79.0.3945.79, browserConnectionEnabled=false, proxy={}, nativeEvents=true, locationContextEnabled=true, cssSelectorsEnabled=true}]&#34;,&#34;Session ID: 9abe7c7a4fe82fa4f1e709747b4983b0&#34;,&#34;*** Element info: {Using=xpath, value=#_1_1_26_1 option[value=\&#34;Clinical Trial Agreement\&#34;]}&#34;]},&#34;errorStatus&#34;:32,&#34;error&#34;:&#34;invalid selector: Unable to locate an element with the xpath expression #_1_1_26_1 option[value=\&#34;Clinical Trial Agreement\&#34;] because of the following error:&#34;,&#34;httpStatusCode&#34;:500}[0m
[0;90m       at processTicksAndRejections (internal/process/task_queues.js:93:5)[0m
[0;31m  NoSuchElementError: An error occurred while running .click() command on &lt;(//input[@id=&#39;_1_1_20_1&#39;])[2]&gt;: undefined; undefined
   {&#34;state&#34;:&#34;success&#34;,&#34;sessionId&#34;:&#34;237817421c75a9db7a7345483713432ac1e12998&#34;,&#34;value&#34;:[],&#34;status&#34;:0}[0m
[0;90m       at processTicksAndRejections (internal/process/task_queues.js:93:5)[0m
[0;31m  NoSuchElementError: An error occurred while running .click() command on &lt;#ddCompany_1_1_21_1 option[value=&#34;3SBio&#34;]&gt;: undefined; undefined
   {&#34;state&#34;:&#34;success&#34;,&#34;sessionId&#34;:&#34;237817421c75a9db7a7345483713432ac1e12998&#34;,&#34;value&#34;:[],&#34;status&#34;:0}[0m
[0;90m       at processTicksAndRejections (internal/process/task_queues.js:93:5)[0m
[0;31m  NoSuchElementError: An error occurred while running .click() command on &lt;#ddProduct_1_1_21_1_24_1 option[value=&#34;AB103&#34;]&gt;: undefined; undefined
   {&#34;state&#34;:&#34;success&#34;,&#34;sessionId&#34;:&#34;237817421c75a9db7a7345483713432ac1e12998&#34;,&#34;value&#34;:[],&#34;status&#34;:0}[0m
[0;90m       at processTicksAndRejections (internal/process/task_queues.js:93:5)[0m
[0;31m  NoSuchElementError: An error occurred while running .setValue() command on &lt;#_1_1_10_1,&gt;:   (Session info: chrome=79.0.3945.79),  (Driver info: chromedriver=79.0.3945.16 (93fcc21110c10dbbd49bbff8f472335360e31d05-refs/branch-heads/3945@{#262}),platform=Windows NT 6.1.7601 SP1 x86_64) (WARNING: The server did not provide any stacktrace information),Command duration or timeout: 17 milliseconds,For documentation on this error, please visit: http://seleniumhq.org/exceptions/invalid_selector_exception.html,Build info: version: &#39;2.53.0&#39;, revision: &#39;35ae25b&#39;, time: &#39;2016-03-15 17:00:58&#39;,System info: host: &#39;199-7-165-91&#39;, ip: &#39;199.7.165.91&#39;, os.name: &#39;windows&#39;, os.arch: &#39;x86&#39;, os.version: &#39;6.1&#39;, java.version: &#39;1.8.0_151&#39;,Driver info: org.openqa.selenium.chrome.ChromeDriver,Capabilities [{mobileEmulationEnabled=false, timeouts={implicit=0, pageLoad=300000, script=30000}, hasTouchScreen=false, platform=XP, acceptSslCerts=false, goog:chromeOptions={debuggerAddress=localhost:1518}, acceptInsecureCerts=false, webStorageEnabled=true, browserName=chrome, takesScreenshot=true, javascriptEnabled=true, setWindowRect=true, unexpectedAlertBehaviour=ignore, applicationCacheEnabled=false, rotatable=false, networkConnectionEnabled=false, chrome={chromedriverVersion=79.0.3945.16 (93fcc21110c10dbbd49bbff8f472335360e31d05-refs/branch-heads/3945@{#262}), userDataDir=C:\Windows\proxy\scoped_dir2140_1001495162}, takesHeapSnapshot=true, pageLoadStrategy=normal, strictFileInteractability=false, databaseEnabled=false, handlesAlerts=true, version=79.0.3945.79, browserConnectionEnabled=false, proxy={}, nativeEvents=true, locationContextEnabled=true, cssSelectorsEnabled=true}],Session ID: 9abe7c7a4fe82fa4f1e709747b4983b0,*** Element info: {Using=css selector, value=#_1_1_10_1,}; invalid selector: An invalid or illegal selector was specified
   {&#34;status&#34;:-1,&#34;state&#34;:&#34;invalid selector&#34;,&#34;value&#34;:{&#34;systemInformation&#34;:&#34;System info: host: &#39;199-7-165-91&#39;, ip: &#39;199.7.165.91&#39;, os.name: &#39;windows&#39;, os.arch: &#39;x86&#39;, os.version: &#39;6.1&#39;, java.version: &#39;1.8.0_151&#39;&#34;,&#34;message&#34;:&#34;invalid selector: An invalid or illegal selector was specified&#34;,&#34;error&#34;:[&#34;  (Session info: chrome=79.0.3945.79)&#34;,&#34;  (Driver info: chromedriver=79.0.3945.16 (93fcc21110c10dbbd49bbff8f472335360e31d05-refs/branch-heads/3945@{#262}),platform=Windows NT 6.1.7601 SP1 x86_64) (WARNING: The server did not provide any stacktrace information)&#34;,&#34;Command duration or timeout: 17 milliseconds&#34;,&#34;For documentation on this error, please visit: http://seleniumhq.org/exceptions/invalid_selector_exception.html&#34;,&#34;Build info: version: &#39;2.53.0&#39;, revision: &#39;35ae25b&#39;, time: &#39;2016-03-15 17:00:58&#39;&#34;,&#34;System info: host: &#39;199-7-165-91&#39;, ip: &#39;199.7.165.91&#39;, os.name: &#39;windows&#39;, os.arch: &#39;x86&#39;, os.version: &#39;6.1&#39;, java.version: &#39;1.8.0_151&#39;&#34;,&#34;Driver info: org.openqa.selenium.chrome.ChromeDriver&#34;,&#34;Capabilities [{mobileEmulationEnabled=false, timeouts={implicit=0, pageLoad=300000, script=30000}, hasTouchScreen=false, platform=XP, acceptSslCerts=false, goog:chromeOptions={debuggerAddress=localhost:1518}, acceptInsecureCerts=false, webStorageEnabled=true, browserName=chrome, takesScreenshot=true, javascriptEnabled=true, setWindowRect=true, unexpectedAlertBehaviour=ignore, applicationCacheEnabled=false, rotatable=false, networkConnectionEnabled=false, chrome={chromedriverVersion=79.0.3945.16 (93fcc21110c10dbbd49bbff8f472335360e31d05-refs/branch-heads/3945@{#262}), userDataDir=C:\\Windows\\proxy\\scoped_dir2140_1001495162}, takesHeapSnapshot=true, pageLoadStrategy=normal, strictFileInteractability=false, databaseEnabled=false, handlesAlerts=true, version=79.0.3945.79, browserConnectionEnabled=false, proxy={}, nativeEvents=true, locationContextEnabled=true, cssSelectorsEnabled=true}]&#34;,&#34;Session ID: 9abe7c7a4fe82fa4f1e709747b4983b0&#34;,&#34;*** Element info: {Using=css selector, value=#_1_1_10_1,}&#34;]},&#34;errorStatus&#34;:32,&#34;error&#34;:&#34;invalid selector: An invalid or illegal selector was specified&#34;,&#34;httpStatusCode&#34;:500}[0m
[0;90m       at processTicksAndRejections (internal/process/task_queues.js:93:5)[0m
[0;31m  NoSuchElementError: An error occurred while running .setValue() command on &lt;#_1_1_9_1,&gt;:   (Session info: chrome=79.0.3945.79),  (Driver info: chromedriver=79.0.3945.16 (93fcc21110c10dbbd49bbff8f472335360e31d05-refs/branch-heads/3945@{#262}),platform=Windows NT 6.1.7601 SP1 x86_64) (WARNING: The server did not provide any stacktrace information),Command duration or timeout: 29 milliseconds,For documentation on this error, please visit: http://seleniumhq.org/exceptions/invalid_selector_exception.html,Build info: version: &#39;2.53.0&#39;, revision: &#39;35ae25b&#39;, time: &#39;2016-03-15 17:00:58&#39;,System info: host: &#39;199-7-165-91&#39;, ip: &#39;199.7.165.91&#39;, os.name: &#39;windows&#39;, os.arch: &#39;x86&#39;, os.version: &#39;6.1&#39;, java.version: &#39;1.8.0_151&#39;,Driver info: org.openqa.selenium.chrome.ChromeDriver,Capabilities [{mobileEmulationEnabled=false, timeouts={implicit=0, pageLoad=300000, script=30000}, hasTouchScreen=false, platform=XP, acceptSslCerts=false, goog:chromeOptions={debuggerAddress=localhost:1518}, acceptInsecureCerts=false, webStorageEnabled=true, browserName=chrome, takesScreenshot=true, javascriptEnabled=true, setWindowRect=true, unexpectedAlertBehaviour=ignore, applicationCacheEnabled=false, rotatable=false, networkConnectionEnabled=false, chrome={chromedriverVersion=79.0.3945.16 (93fcc21110c10dbbd49bbff8f472335360e31d05-refs/branch-heads/3945@{#262}), userDataDir=C:\Windows\proxy\scoped_dir2140_1001495162}, takesHeapSnapshot=true, pageLoadStrategy=normal, strictFileInteractability=false, databaseEnabled=false, handlesAlerts=true, version=79.0.3945.79, browserConnectionEnabled=false, proxy={}, nativeEvents=true, locationContextEnabled=true, cssSelectorsEnabled=true}],Session ID: 9abe7c7a4fe82fa4f1e709747b4983b0,*** Element info: {Using=css selector, value=#_1_1_9_1,}; invalid selector: An invalid or illegal selector was specified
   {&#34;status&#34;:-1,&#34;state&#34;:&#34;invalid selector&#34;,&#34;value&#34;:{&#34;systemInformation&#34;:&#34;System info: host: &#39;199-7-165-91&#39;, ip: &#39;199.7.165.91&#39;, os.name: &#39;windows&#39;, os.arch: &#39;x86&#39;, os.version: &#39;6.1&#39;, java.version: &#39;1.8.0_151&#39;&#34;,&#34;message&#34;:&#34;invalid selector: An invalid or illegal selector was specified&#34;,&#34;error&#34;:[&#34;  (Session info: chrome=79.0.3945.79)&#34;,&#34;  (Driver info: chromedriver=79.0.3945.16 (93fcc21110c10dbbd49bbff8f472335360e31d05-refs/branch-heads/3945@{#262}),platform=Windows NT 6.1.7601 SP1 x86_64) (WARNING: The server did not provide any stacktrace information)&#34;,&#34;Command duration or timeout: 29 milliseconds&#34;,&#34;For documentation on this error, please visit: http://seleniumhq.org/exceptions/invalid_selector_exception.html&#34;,&#34;Build info: version: &#39;2.53.0&#39;, revision: &#39;35ae25b&#39;, time: &#39;2016-03-15 17:00:58&#39;&#34;,&#34;System info: host: &#39;199-7-165-91&#39;, ip: &#39;199.7.165.91&#39;, os.name: &#39;windows&#39;, os.arch: &#39;x86&#39;, os.version: &#39;6.1&#39;, java.version: &#39;1.8.0_151&#39;&#34;,&#34;Driver info: org.openqa.selenium.chrome.ChromeDriver&#34;,&#34;Capabilities [{mobileEmulationEnabled=false, timeouts={implicit=0, pageLoad=300000, script=30000}, hasTouchScreen=false, platform=XP, acceptSslCerts=false, goog:chromeOptions={debuggerAddress=localhost:1518}, acceptInsecureCerts=false, webStorageEnabled=true, browserName=chrome, takesScreenshot=true, javascriptEnabled=true, setWindowRect=true, unexpectedAlertBehaviour=ignore, applicationCacheEnabled=false, rotatable=false, networkConnectionEnabled=false, chrome={chromedriverVersion=79.0.3945.16 (93fcc21110c10dbbd49bbff8f472335360e31d05-refs/branch-heads/3945@{#262}), userDataDir=C:\\Windows\\proxy\\scoped_dir2140_1001495162}, takesHeapSnapshot=true, pageLoadStrategy=normal, strictFileInteractability=false, databaseEnabled=false, handlesAlerts=true, version=79.0.3945.79, browserConnectionEnabled=false, proxy={}, nativeEvents=true, locationContextEnabled=true, cssSelectorsEnabled=true}]&#34;,&#34;Session ID: 9abe7c7a4fe82fa4f1e709747b4983b0&#34;,&#34;*** Element info: {Using=css selector, value=#_1_1_9_1,}&#34;]},&#34;errorStatus&#34;:32,&#34;error&#34;:&#34;invalid selector: An invalid or illegal selector was specified&#34;,&#34;httpStatusCode&#34;:500}[0m
[0;90m       at processTicksAndRejections (internal/process/task_queues.js:93:5)[0m
[0;31m  NoSuchElementError: An error occurred while running .click() command on &lt;#ddCompany_1_1_6_1 option[value=&#34;16400079&#34;]&gt;: undefined; undefined
   {&#34;state&#34;:&#34;success&#34;,&#34;sessionId&#34;:&#34;237817421c75a9db7a7345483713432ac1e12998&#34;,&#34;value&#34;:[],&#34;status&#34;:0}[0m
[0;90m       at processTicksAndRejections (internal/process/task_queues.js:93:5)[0m
[0;31m  NoSuchElementError: An error occurred while running .click() command on &lt;#ddProduct_1_1_21_1_24_1 option[value=&#34;3553911&#34;]&gt;: undefined; undefined
   {&#34;state&#34;:&#34;success&#34;,&#34;sessionId&#34;:&#34;237817421c75a9db7a7345483713432ac1e12998&#34;,&#34;value&#34;:[],&#34;status&#34;:0}[0m
[0;90m       at processTicksAndRejections (internal/process/task_queues.js:93:5)[0m
[0;31m  NoSuchElementError: An error occurred while running .isVisible() command on &lt;.menu-nba&gt;: undefined; undefined
   {&#34;state&#34;:&#34;success&#34;,&#34;sessionId&#34;:&#34;0efc838764b8741f63f371353fef2090236cbfd1&#34;,&#34;value&#34;:[],&#34;status&#34;:0}[0m
[0;90m       at processTicksAndRejections (internal/process/task_queues.js:93:5)[0m
[0;31m  TypeError: browser.url(...).useXpath(...).click(...).useCss(...).click(...).click(...).click(...).click(...).click(...).click(...).setValue(...).click(...).pause(...).close is not a function
   - writing an ES6 async test case? - keep in mind that commands return a Promise; 
   - writing unit tests? - make sure to specify &#34;unit_tests_mode=true&#34; in your config.[0m
[0;90m       at Object.GenerateAgreements (C:\Users\hipho_000\testing\tests\NIH_Step1.js:18:14)
       at processTicksAndRejections (internal/process/task_queues.js:93:5)[0m
[0;31m  NoSuchElementError: An error occurred while running .click() command on &lt;//a[contains(text(),&#39;New Agreement&#39;)]&gt;: undefined; undefined
   {&#34;state&#34;:&#34;success&#34;,&#34;sessionId&#34;:&#34;4262eadfda9be83ca9d17ad614d3b5f3b26b0e38&#34;,&#34;value&#34;:[],&#34;status&#34;:0}[0m
[0;90m       at processTicksAndRejections (internal/process/task_queues.js:93:5)[0m
[0;31m  NoSuchElementError: An error occurred while running .click() command on &lt;#_1_1_26_1, option[value=&#34;Clinical Trial Agreement&#34;]&gt;: undefined; undefined
   {&#34;state&#34;:&#34;success&#34;,&#34;sessionId&#34;:&#34;4262eadfda9be83ca9d17ad614d3b5f3b26b0e38&#34;,&#34;value&#34;:[],&#34;status&#34;:0}[0m
[0;90m       at processTicksAndRejections (internal/process/task_queues.js:93:5)[0m
[0;31m  NoSuchElementError: An error occurred while running .click() command on &lt;input[id=&#39;_1_1_20_1&#39;]&gt;: undefined; undefined
   {&#34;state&#34;:&#34;success&#34;,&#34;sessionId&#34;:&#34;4262eadfda9be83ca9d17ad614d3b5f3b26b0e38&#34;,&#34;value&#34;:[],&#34;status&#34;:0}[0m
[0;90m       at runMicrotasks (&lt;anonymous&gt;)
       at processTicksAndRejections (internal/process/task_queues.js:93:5)[0m
[0;31m  NoSuchElementError: An error occurred while running .click() command on &lt;#_1_1_21_1 option[value=&#34;Amgen&#34;]&gt;: undefined; undefined
   {&#34;state&#34;:&#34;success&#34;,&#34;sessionId&#34;:&#34;4262eadfda9be83ca9d17ad614d3b5f3b26b0e38&#34;,&#34;value&#34;:[],&#34;status&#34;:0}[0m
[0;90m       at runMicrotasks (&lt;anonymous&gt;)
       at processTicksAndRejections (internal/process/task_queues.js:93:5)[0m
[0;31m  NoSuchElementError: An error occurred while running .click() command on &lt;#ddCompany_1_1_21_1_24_1 option[value=&#34;ALXN-4100 (TPO)&#34;]&gt;: undefined; undefined
   {&#34;state&#34;:&#34;success&#34;,&#34;sessionId&#34;:&#34;4262eadfda9be83ca9d17ad614d3b5f3b26b0e38&#34;,&#34;value&#34;:[],&#34;status&#34;:0}[0m
[0;90m       at runMicrotasks (&lt;anonymous&gt;)
       at processTicksAndRejections (internal/process/task_queues.js:93:5)[0m
[0;31m  NoSuchElementError: An error occurred while running .click() command on &lt;#dd_1_1_5_1 option[value=&#34;3553911&#34;]&gt;: undefined; undefined
   {&#34;state&#34;:&#34;success&#34;,&#34;sessionId&#34;:&#34;4262eadfda9be83ca9d17ad614d3b5f3b26b0e38&#34;,&#34;value&#34;:[],&#34;status&#34;:0}[0m
[0;90m       at runMicrotasks (&lt;anonymous&gt;)
       at processTicksAndRejections (internal/process/task_queues.js:93:5)[0m
[0;31m  NoSuchElementError: An error occurred while running .click() command on &lt;#dd_1_1_5_1 option[va6ue=&#34;16400079&#34;]&gt;: undefined; undefined
   {&#34;state&#34;:&#34;success&#34;,&#34;sessionId&#34;:&#34;4262eadfda9be83ca9d17ad614d3b5f3b26b0e38&#34;,&#34;value&#34;:[],&#34;status&#34;:0}[0m
[0;90m       at runMicrotasks (&lt;anonymous&gt;)
       at processTicksAndRejections (internal/process/task_queues.js:93:5)[0m
[0;31m  Error: Error while running &#34;setValue&#34; command: &#34;Error: setValue method expects 3 (or 4 if using implicit &#34;css selector&#34; strategy) arguments - 2 given.
      at runMicrotasks (&lt;anonymous&gt;)
      at processTicksAndRejections (internal/process/task_queues.js:93:5)&#34;[0m
[0;90m       at Object.GenerateAgreements (C:\Users\hipho_000\testing\tests\NIH_Step1.js:15:14)
       at processTicksAndRejections (internal/process/task_queues.js:93:5)[0m
    </system-err>
  

  
  </testsuite>
</testsuites>
